Copyright 1986-2019 Xilinx, Inc. All Rights Reserved.
------------------------------------------------------------------------------------------------
| Tool Version : Vivado v.2019.1 (lin64) Build 2552052 Fri May 24 14:47:09 MDT 2019
| Date         : Wed May 26 05:43:55 2021
| Host         : pdb running 64-bit Ubuntu 18.04.5 LTS
| Command      : report_control_sets -verbose -file fifo_design_wrapper_control_sets_placed.rpt
| Design       : fifo_design_wrapper
| Device       : xc7z020
------------------------------------------------------------------------------------------------

Control Set Information

Table of Contents
-----------------
1. Summary
2. Histogram
3. Flip-Flop Distribution
4. Detailed Control Set Information

1. Summary
----------

+----------------------------------------------------------+-------+
|                          Status                          | Count |
+----------------------------------------------------------+-------+
| Total control sets                                       |   143 |
|    Minimum number of control sets                        |   143 |
|    Addition due to synthesis replication                 |     0 |
|    Addition due to physical synthesis replication        |     0 |
| Unused register locations in slices containing registers |   440 |
+----------------------------------------------------------+-------+
* Control sets can be merged at opt_design using control_set_merge or merge_equivalent_drivers
** Run report_qor_suggestions for automated merging and remapping suggestions


2. Histogram
------------

+--------------------+-------+
|       Fanout       | Count |
+--------------------+-------+
| Total control sets |   143 |
| >= 0 to < 4        |    17 |
| >= 4 to < 6        |    27 |
| >= 6 to < 8        |     4 |
| >= 8 to < 10       |    29 |
| >= 10 to < 12      |     3 |
| >= 12 to < 14      |    16 |
| >= 14 to < 16      |     4 |
| >= 16              |    43 |
+--------------------+-------+
* Control sets can be remapped at either synth_design or opt_design


3. Flip-Flop Distribution
-------------------------

+--------------+-----------------------+------------------------+-----------------+--------------+
| Clock Enable | Synchronous Set/Reset | Asynchronous Set/Reset | Total Registers | Total Slices |
+--------------+-----------------------+------------------------+-----------------+--------------+
| No           | No                    | No                     |             120 |           52 |
| No           | No                    | Yes                    |               0 |            0 |
| No           | Yes                   | No                     |             183 |           85 |
| Yes          | No                    | No                     |            1027 |          255 |
| Yes          | No                    | Yes                    |               0 |            0 |
| Yes          | Yes                   | No                     |             526 |          156 |
+--------------+-----------------------+------------------------+-----------------+--------------+


4. Detailed Control Set Information
-----------------------------------

+----------------------------------------------------+------------------------------------------------------------------------------------------------------------------------------------------------------------------------------------------------------------+-----------------------------------------------------------------------------------------------------------------------------------------------------+------------------+----------------+
|                    Clock Signal                    |                                                                                                Enable Signal                                                                                               |                                                                   Set/Reset Signal                                                                  | Slice Load Count | Bel Load Count |
+----------------------------------------------------+------------------------------------------------------------------------------------------------------------------------------------------------------------------------------------------------------------+-----------------------------------------------------------------------------------------------------------------------------------------------------+------------------+----------------+
|  fifo_design_i/processing_system7_0/inst/FCLK_CLK0 |                                                                                                                                                                                                            | fifo_design_i/smartconnect_0/inst/s00_nodes/s00_aw_node/inst/s_sc_areset_pipe                                                                       |                1 |              1 |
|  fifo_design_i/processing_system7_0/inst/FCLK_CLK0 |                                                                                                                                                                                                            | fifo_design_i/smartconnect_0/inst/s00_nodes/s00_b_node/inst/s_sc_areset_pipe                                                                        |                1 |              1 |
|  fifo_design_i/processing_system7_0/inst/FCLK_CLK0 |                                                                                                                                                                                                            | fifo_design_i/smartconnect_0/inst/s00_nodes/s00_r_node/inst/s_sc_areset_pipe                                                                        |                1 |              1 |
|  fifo_design_i/processing_system7_0/inst/FCLK_CLK0 |                                                                                                                                                                                                            | fifo_design_i/smartconnect_0/inst/s00_nodes/s00_w_node/inst/s_sc_areset_pipe                                                                        |                1 |              1 |
|  fifo_design_i/processing_system7_0/inst/FCLK_CLK0 |                                                                                                                                                                                                            | fifo_design_i/smartconnect_0/inst/s00_nodes/s00_ar_node/inst/s_sc_areset_pipe                                                                       |                1 |              1 |
|  fifo_design_i/processing_system7_0/inst/FCLK_CLK0 | fifo_design_i/smartconnect_0/inst/m00_exit_pipeline/m00_exit/inst/splitter_inst/gen_axi4lite.axilite_b2s/WR.b_channel_0/gen_b_fifo.bid_fifo_0/bresp_push                                                   |                                                                                                                                                     |                1 |              2 |
|  fifo_design_i/processing_system7_0/inst/FCLK_CLK0 | fifo_design_i/smartconnect_0/inst/m00_exit_pipeline/m00_exit/inst/splitter_inst/gen_axi4lite.axilite_b2s/RD.r_channel_0/r_push_r                                                                           |                                                                                                                                                     |                1 |              2 |
|  fifo_design_i/processing_system7_0/inst/FCLK_CLK0 | fifo_design_i/smartconnect_0/inst/m00_exit_pipeline/m00_exit/inst/aw_reg/m_vector_i                                                                                                                        |                                                                                                                                                     |                1 |              3 |
|  fifo_design_i/processing_system7_0/inst/FCLK_CLK0 | fifo_design_i/smartconnect_0/inst/m00_exit_pipeline/m00_exit/inst/splitter_inst/gen_axi4lite.r_last_offset_0                                                                                               |                                                                                                                                                     |                1 |              3 |
|  fifo_design_i/processing_system7_0/inst/FCLK_CLK0 | fifo_design_i/smartconnect_0/inst/m00_exit_pipeline/m00_exit/inst/exit_inst/gen_r_cmd_fifo.r_cmd_fifo/gen_pipelined.mesg_reg                                                                               |                                                                                                                                                     |                1 |              3 |
|  fifo_design_i/processing_system7_0/inst/FCLK_CLK0 | fifo_design_i/smartconnect_0/inst/m00_exit_pipeline/m00_exit/inst/splitter_inst/gen_axi4lite.axilite_b2s/SI_REG/b_pipe/m_payload_i[2]_i_1_n_0                                                              |                                                                                                                                                     |                2 |              3 |
|  fifo_design_i/processing_system7_0/inst/FCLK_CLK0 | fifo_design_i/smartconnect_0/inst/m00_exit_pipeline/m00_exit/inst/ar_reg/m_vector_i                                                                                                                        |                                                                                                                                                     |                1 |              3 |
|  fifo_design_i/processing_system7_0/inst/FCLK_CLK0 | fifo_design_i/smartconnect_0/inst/m00_exit_pipeline/m00_exit/inst/ar_reg/skid_buffer[1136]_i_1_n_0                                                                                                         |                                                                                                                                                     |                1 |              3 |
|  fifo_design_i/processing_system7_0/inst/FCLK_CLK0 | fifo_design_i/smartconnect_0/inst/s00_entry_pipeline/s00_si_converter/inst/splitter_inst/gen_no_wsplitter.gen_endpoint_woffset.gen_wbypass_offset_fifo.wbypass_offset_fifo/gen_srls[13].srl_nx1/shift_qual |                                                                                                                                                     |                1 |              3 |
|  fifo_design_i/processing_system7_0/inst/FCLK_CLK0 | fifo_design_i/smartconnect_0/inst/s00_entry_pipeline/s00_si_converter/inst/splitter_inst/gen_no_wsplitter.gen_endpoint_woffset.gen_wbypass_offset_fifo.wbypass_offset_fifo/gen_pipelined.mesg_reg_0        |                                                                                                                                                     |                1 |              3 |
|  fifo_design_i/processing_system7_0/inst/FCLK_CLK0 | fifo_design_i/smartconnect_0/inst/m00_exit_pipeline/m00_exit/inst/exit_inst/gen_r_cmd_fifo.r_cmd_fifo/gen_srls[14].srl_nx1/shift_qual                                                                      |                                                                                                                                                     |                1 |              3 |
|  fifo_design_i/processing_system7_0/inst/FCLK_CLK0 | fifo_design_i/smartconnect_0/inst/m00_exit_pipeline/m00_exit/inst/aw_reg/skid_buffer[1136]_i_1__0_n_0                                                                                                      |                                                                                                                                                     |                1 |              3 |
|  fifo_design_i/processing_system7_0/inst/FCLK_CLK0 | fifo_design_i/smartconnect_0/inst/m00_exit_pipeline/m00_exit/inst/splitter_inst/gen_axi4lite.axilite_b2s/RD.r_channel_0/transaction_fifo_0/cnt_read[3]_i_1__0_n_0                                          | fifo_design_i/smartconnect_0/inst/m00_exit_pipeline/m00_exit/inst/splitter_inst/gen_axi4lite.axilite_b2s/areset_d1                                  |                2 |              4 |
|  fifo_design_i/processing_system7_0/inst/FCLK_CLK0 | fifo_design_i/smartconnect_0/inst/m00_exit_pipeline/m00_exit/inst/exit_inst/gen_w_cmd_fifo.w_cmd_fifo/fifoaddr[3]_i_1_n_0                                                                                  | fifo_design_i/smartconnect_0/inst/m00_exit_pipeline/m00_exit/inst/areset                                                                            |                1 |              4 |
|  fifo_design_i/processing_system7_0/inst/FCLK_CLK0 | fifo_design_i/smartconnect_0/inst/m00_exit_pipeline/m00_exit/inst/splitter_inst/gen_axi4lite.axilite_b2s/RD.r_channel_0/rd_data_fifo_0/cnt_read[3]_i_1__1_n_0                                              | fifo_design_i/smartconnect_0/inst/m00_exit_pipeline/m00_exit/inst/splitter_inst/gen_axi4lite.axilite_b2s/areset_d1                                  |                2 |              4 |
|  fifo_design_i/processing_system7_0/inst/FCLK_CLK0 |                                                                                                                                                                                                            | fifo_design_i/smartconnect_0/inst/clk_map/psr_aclk/U0/EXT_LPF/lpf_int                                                                               |                1 |              4 |
|  fifo_design_i/processing_system7_0/inst/FCLK_CLK0 | fifo_design_i/smartconnect_0/inst/s00_entry_pipeline/s00_si_converter/inst/converter.wrap_narrow_inst/gen_thread_loop[0].r_cmd_fifo/fifoaddr[3]_i_1__3_n_0                                                 | fifo_design_i/smartconnect_0/inst/s00_entry_pipeline/s00_si_converter/inst/areset                                                                   |                1 |              4 |
|  fifo_design_i/processing_system7_0/inst/FCLK_CLK0 | fifo_design_i/smartconnect_0/inst/s00_entry_pipeline/s00_si_converter/inst/converter.wrap_narrow_inst/ar_reg_slice/E[0]                                                                                    | fifo_design_i/smartconnect_0/inst/s00_entry_pipeline/s00_si_converter/inst/areset                                                                   |                2 |              4 |
|  fifo_design_i/processing_system7_0/inst/FCLK_CLK0 | fifo_design_i/smartconnect_0/inst/s00_entry_pipeline/s00_si_converter/inst/converter.wrap_narrow_inst/gen_thread_loop[0].r_payld_fifo/cmd_fifo/E[0]                                                        |                                                                                                                                                     |                2 |              4 |
|  fifo_design_i/processing_system7_0/inst/FCLK_CLK0 | fifo_design_i/smartconnect_0/inst/s00_entry_pipeline/s00_si_converter/inst/converter.wrap_narrow_inst/gen_thread_loop[0].r_payld_fifo/cmd_fifo/fifoaddr[3]_i_1__2_n_0                                      | fifo_design_i/smartconnect_0/inst/s00_entry_pipeline/s00_si_converter/inst/areset                                                                   |                1 |              4 |
|  fifo_design_i/processing_system7_0/inst/FCLK_CLK0 | fifo_design_i/smartconnect_0/inst/s00_entry_pipeline/s00_si_converter/inst/converter.wrap_narrow_inst/w_cmd_fifo/fifoaddr[3]_i_1_n_0                                                                       | fifo_design_i/smartconnect_0/inst/s00_entry_pipeline/s00_si_converter/inst/areset                                                                   |                1 |              4 |
|  fifo_design_i/processing_system7_0/inst/FCLK_CLK0 | fifo_design_i/smartconnect_0/inst/s00_entry_pipeline/s00_si_converter/inst/converter.wrap_narrow_inst/w_payld_fifo/cmd_fifo/fifoaddr[3]_i_1__0_n_0                                                         | fifo_design_i/smartconnect_0/inst/s00_entry_pipeline/s00_si_converter/inst/areset                                                                   |                1 |              4 |
|  fifo_design_i/processing_system7_0/inst/FCLK_CLK0 | fifo_design_i/smartconnect_0/inst/s00_entry_pipeline/s00_si_converter/inst/converter.wrap_narrow_inst/w_payld_fifo/cmd_fifo/E[0]                                                                           |                                                                                                                                                     |                3 |              4 |
|  fifo_design_i/processing_system7_0/inst/FCLK_CLK0 | fifo_design_i/smartconnect_0/inst/s00_entry_pipeline/s00_si_converter/inst/converter.wrap_narrow_inst/w_payld_fifo/w_payld_push_d                                                                          | fifo_design_i/smartconnect_0/inst/s00_entry_pipeline/s00_si_converter/inst/areset                                                                   |                2 |              4 |
|  fifo_design_i/processing_system7_0/inst/FCLK_CLK0 | fifo_design_i/smartconnect_0/inst/s00_entry_pipeline/s00_si_converter/inst/splitter_inst/gen_no_wsplitter.gen_endpoint_woffset.gen_wbypass_offset_fifo.wbypass_offset_fifo/fifoaddr[3]_i_1__5_n_0          | fifo_design_i/smartconnect_0/inst/s00_entry_pipeline/s00_si_converter/inst/areset                                                                   |                1 |              4 |
|  fifo_design_i/processing_system7_0/inst/FCLK_CLK0 | fifo_design_i/smartconnect_0/inst/s00_entry_pipeline/s00_transaction_regulator/inst/gen_endpoint.gen_r_singleorder.r_singleorder/gen_id_fifo.singleorder_fifo/fifoaddr[3]_i_1__0_n_0                       | fifo_design_i/smartconnect_0/inst/s00_entry_pipeline/s00_transaction_regulator/inst/areset                                                          |                1 |              4 |
|  fifo_design_i/processing_system7_0/inst/FCLK_CLK0 | fifo_design_i/smartconnect_0/inst/s00_entry_pipeline/s00_transaction_regulator/inst/gen_endpoint.gen_w_singleorder.w_singleorder/gen_id_fifo.singleorder_fifo/fifoaddr[3]_i_1_n_0                          | fifo_design_i/smartconnect_0/inst/s00_entry_pipeline/s00_transaction_regulator/inst/areset                                                          |                1 |              4 |
|  fifo_design_i/processing_system7_0/inst/FCLK_CLK0 |                                                                                                                                                                                                            | fifo_design_i/rst_ps7_0_50M/U0/EXT_LPF/lpf_int                                                                                                      |                1 |              4 |
|  fifo_design_i/processing_system7_0/inst/FCLK_CLK0 | fifo_design_i/smartconnect_0/inst/m00_exit_pipeline/m00_exit/inst/splitter_inst/gen_axi4lite.axilite_b2s/WR.b_channel_0/gen_b_fifo.bid_fifo_0/cnt_read[3]_i_1__2_n_0                                       | fifo_design_i/smartconnect_0/inst/m00_exit_pipeline/m00_exit/inst/splitter_inst/gen_axi4lite.axilite_b2s/areset_d1                                  |                1 |              4 |
|  fifo_design_i/processing_system7_0/inst/FCLK_CLK0 | fifo_design_i/smartconnect_0/inst/m00_exit_pipeline/m00_exit/inst/splitter_inst/gen_axi4lite.axilite_b2s/WR.b_channel_0/gen_b_fifo.bid_fifo_0/E[0]                                                         | fifo_design_i/smartconnect_0/inst/m00_exit_pipeline/m00_exit/inst/splitter_inst/gen_axi4lite.axilite_b2s/areset_d1                                  |                2 |              4 |
|  fifo_design_i/processing_system7_0/inst/FCLK_CLK0 | fifo_design_i/smartconnect_0/inst/m00_exit_pipeline/m00_exit/inst/splitter_inst/gen_axi4lite.axilite_b2s/RD.r_channel_0/rd_data_fifo_0/E[0]                                                                | fifo_design_i/smartconnect_0/inst/m00_exit_pipeline/m00_exit/inst/areset                                                                            |                2 |              4 |
|  fifo_design_i/processing_system7_0/inst/FCLK_CLK0 | fifo_design_i/smartconnect_0/inst/m00_exit_pipeline/m00_exit/inst/splitter_inst/gen_axi4lite.axilite_b2s/WR.aw_channel_0/null_beat_supress_0/first_beat                                                    |                                                                                                                                                     |                1 |              4 |
|  fifo_design_i/processing_system7_0/inst/FCLK_CLK0 |                                                                                                                                                                                                            | fifo_design_i/smartconnect_0/inst/m00_exit_pipeline/m00_exit/inst/splitter_inst/gen_axi4lite.axilite_b2s/SI_REG/aw_pipe/p_1_in                      |                2 |              4 |
|  fifo_design_i/processing_system7_0/inst/FCLK_CLK0 |                                                                                                                                                                                                            | fifo_design_i/smartconnect_0/inst/m00_exit_pipeline/m00_exit/inst/splitter_inst/gen_axi4lite.axilite_b2s/SI_REG/ar_pipe/p_0_in                      |                2 |              4 |
|  fifo_design_i/processing_system7_0/inst/FCLK_CLK0 | fifo_design_i/smartconnect_0/inst/s00_entry_pipeline/s00_mmu/inst/ar_sreg/E[0]                                                                                                                             | fifo_design_i/smartconnect_0/inst/s00_entry_pipeline/s00_mmu/inst/areset                                                                            |                2 |              5 |
|  fifo_design_i/processing_system7_0/inst/FCLK_CLK0 | fifo_design_i/smartconnect_0/inst/s00_entry_pipeline/s00_si_converter/inst/converter.wrap_narrow_inst/gen_thread_loop[0].r_payld_fifo/fifoaddr                                                             | fifo_design_i/smartconnect_0/inst/s00_entry_pipeline/s00_si_converter/inst/areset                                                                   |                3 |              5 |
|  fifo_design_i/processing_system7_0/inst/FCLK_CLK0 | fifo_design_i/smartconnect_0/inst/s00_entry_pipeline/s00_si_converter/inst/converter.wrap_narrow_inst/w_payld_fifo/fifoaddr                                                                                | fifo_design_i/smartconnect_0/inst/s00_entry_pipeline/s00_si_converter/inst/areset                                                                   |                3 |              5 |
|  fifo_design_i/processing_system7_0/inst/FCLK_CLK0 | fifo_design_i/smartconnect_0/inst/s00_entry_pipeline/s00_mmu/inst/b_sreg/E[0]                                                                                                                              | fifo_design_i/smartconnect_0/inst/s00_entry_pipeline/s00_mmu/inst/areset                                                                            |                1 |              5 |
|  fifo_design_i/processing_system7_0/inst/FCLK_CLK0 | fifo_design_i/smartconnect_0/inst/s00_entry_pipeline/s00_mmu/inst/aw_sreg/E[0]                                                                                                                             | fifo_design_i/smartconnect_0/inst/s00_entry_pipeline/s00_mmu/inst/areset                                                                            |                2 |              5 |
|  fifo_design_i/processing_system7_0/inst/FCLK_CLK0 | fifo_design_i/smartconnect_0/inst/s00_entry_pipeline/s00_si_converter/inst/converter.wrap_narrow_inst/w_cmd_fifo/w_payld_push68_out                                                                        |                                                                                                                                                     |                2 |              6 |
|  fifo_design_i/processing_system7_0/inst/FCLK_CLK0 | fifo_design_i/rst_ps7_0_50M/U0/SEQ/seq_cnt_en                                                                                                                                                              | fifo_design_i/rst_ps7_0_50M/U0/SEQ/SEQ_COUNTER/clear                                                                                                |                1 |              6 |
|  fifo_design_i/processing_system7_0/inst/FCLK_CLK0 |                                                                                                                                                                                                            | fifo_design_i/smartconnect_0/inst/s00_entry_pipeline/s00_transaction_regulator/inst/areset                                                          |                4 |              6 |
|  fifo_design_i/processing_system7_0/inst/FCLK_CLK0 | fifo_design_i/smartconnect_0/inst/clk_map/psr_aclk/U0/SEQ/seq_cnt_en                                                                                                                                       | fifo_design_i/smartconnect_0/inst/clk_map/psr_aclk/U0/SEQ/SEQ_COUNTER/clear                                                                         |                1 |              6 |
|  fifo_design_i/processing_system7_0/inst/FCLK_CLK0 | fifo_design_i/smartconnect_0/inst/s00_entry_pipeline/s00_si_converter/inst/converter.wrap_narrow_inst/w_payld_fifo/cmd_fifo/gen_pipelined.mesg_reg                                                         |                                                                                                                                                     |                3 |              8 |
|  fifo_design_i/processing_system7_0/inst/FCLK_CLK0 | fifo_design_i/smartconnect_0/inst/s00_entry_pipeline/s00_si_converter/inst/converter.wrap_narrow_inst/gen_thread_loop[0].r_payld_fifo/gen_thread_loop[0].r_packing_boundary_reg[0][0]                      | fifo_design_i/smartconnect_0/inst/s00_entry_pipeline/s00_si_converter/inst/areset                                                                   |                3 |              8 |
|  fifo_design_i/processing_system7_0/inst/FCLK_CLK0 | fifo_design_i/smartconnect_0/inst/s00_entry_pipeline/s00_si_converter/inst/converter.wrap_narrow_inst/w_payld_fifo/cmd_fifo/gen_srls[11].srl_nx1/shift_qual                                                |                                                                                                                                                     |                2 |              8 |
|  fifo_design_i/processing_system7_0/inst/FCLK_CLK0 | fifo_design_i/smartconnect_0/inst/s00_entry_pipeline/s00_si_converter/inst/converter.wrap_narrow_inst/w_cmd_fifo/E[0]                                                                                      | fifo_design_i/smartconnect_0/inst/s00_entry_pipeline/s00_si_converter/inst/areset                                                                   |                3 |              8 |
|  fifo_design_i/processing_system7_0/inst/FCLK_CLK0 | fifo_design_i/smartconnect_0/inst/s00_entry_pipeline/s00_mmu/inst/gen_endpoint.decerr_slave_inst/gen_axi.gen_read.read_cnt[7]_i_1_n_0                                                                      | fifo_design_i/smartconnect_0/inst/s00_entry_pipeline/s00_mmu/inst/areset                                                                            |                2 |              8 |
|  fifo_design_i/processing_system7_0/inst/FCLK_CLK0 | fifo_design_i/smartconnect_0/inst/s00_nodes/s00_b_node/inst/inst_mi_handler/gen_normal_area.inst_fifo_node_payld/gen_xpm_memory_fifo.inst_fifo/wr_wea                                                      |                                                                                                                                                     |                1 |              8 |
|  fifo_design_i/processing_system7_0/inst/FCLK_CLK0 | fifo_design_i/smartconnect_0/inst/s00_entry_pipeline/s00_si_converter/inst/converter.wrap_narrow_inst/gen_thread_loop[0].r_payld_fifo/cmd_fifo/gen_srls[11].srl_nx1/shift_qual                             |                                                                                                                                                     |                3 |              8 |
|  fifo_design_i/processing_system7_0/inst/FCLK_CLK0 | fifo_design_i/smartconnect_0/inst/m00_exit_pipeline/m00_exit/inst/splitter_inst/gen_axi4lite.axilite_b2s/WR.aw_channel_0/aw_cmd_fsm_0/E[0]                                                                 |                                                                                                                                                     |                3 |              8 |
|  fifo_design_i/processing_system7_0/inst/FCLK_CLK0 | fifo_design_i/smartconnect_0/inst/s00_entry_pipeline/s00_si_converter/inst/converter.wrap_narrow_inst/gen_thread_loop[0].r_payld_fifo/cmd_fifo/gen_pipelined.mesg_reg                                      |                                                                                                                                                     |                3 |              8 |
|  fifo_design_i/processing_system7_0/inst/FCLK_CLK0 | fifo_design_i/smartconnect_0/inst/m00_exit_pipeline/m00_exit/inst/splitter_inst/gen_axi4lite.axilite_b2s/RD.ar_channel_0/ar_cmd_fsm_0/E[0]                                                                 |                                                                                                                                                     |                2 |              8 |
|  fifo_design_i/processing_system7_0/inst/FCLK_CLK0 | fifo_design_i/smartconnect_0/inst/s00_nodes/s00_b_node/inst/inst_mi_handler/gen_normal_area.inst_fifo_node_payld/gen_xpm_memory_fifo.inst_fifo/gen_mem_rep[0].inst_rd_addrb/rd_addrb_incr                  | fifo_design_i/smartconnect_0/inst/s00_nodes/s00_b_node/inst/inst_mi_handler/m_sc_areset_r                                                           |                4 |              8 |
|  fifo_design_i/processing_system7_0/inst/FCLK_CLK0 | fifo_design_i/fifo_axi_0/inst/fifo_axi_v1_0_S00_AXI_inst/in_fifo/unhardened.un.fifo/ft/rptr/s00_axi_aresetn_2[3]                                                                                           |                                                                                                                                                     |                1 |              8 |
|  fifo_design_i/processing_system7_0/inst/FCLK_CLK0 | fifo_design_i/fifo_axi_0/inst/fifo_axi_v1_0_S00_AXI_inst/in_fifo/unhardened.un.fifo/ft/rptr/s00_axi_aresetn_2[2]                                                                                           |                                                                                                                                                     |                1 |              8 |
|  fifo_design_i/processing_system7_0/inst/FCLK_CLK0 | fifo_design_i/fifo_axi_0/inst/fifo_axi_v1_0_S00_AXI_inst/in_fifo/unhardened.un.fifo/ft/rptr/s00_axi_aresetn_2[1]                                                                                           |                                                                                                                                                     |                1 |              8 |
|  fifo_design_i/processing_system7_0/inst/FCLK_CLK0 | fifo_design_i/fifo_axi_0/inst/fifo_axi_v1_0_S00_AXI_inst/in_fifo/unhardened.un.fifo/ft/rptr/s00_axi_aresetn_2[0]                                                                                           |                                                                                                                                                     |                1 |              8 |
|  fifo_design_i/processing_system7_0/inst/FCLK_CLK0 | fifo_design_i/fifo_axi_0/inst/fifo_axi_v1_0_S00_AXI_inst/in_fifo/unhardened.un.fifo/ft/rptr/E[0]                                                                                                           | fifo_design_i/fifo_axi_0/inst/fifo_axi_v1_0_S00_AXI_inst/in_fifo/unhardened.un.fifo/ft/rptr/s00_axi_aresetn_0[0]                                    |                2 |              8 |
|  fifo_design_i/processing_system7_0/inst/FCLK_CLK0 | fifo_design_i/fifo_axi_0/inst/fifo_axi_v1_0_S00_AXI_inst/in_fifo/unhardened.un.fifo/ft/rptr/E[0]                                                                                                           | fifo_design_i/fifo_axi_0/inst/fifo_axi_v1_0_S00_AXI_inst/in_fifo/unhardened.un.fifo/ft/rptr/s00_axi_aresetn_1[0]                                    |                2 |              8 |
|  fifo_design_i/processing_system7_0/inst/FCLK_CLK0 | fifo_design_i/smartconnect_0/inst/s00_entry_pipeline/s00_si_converter/inst/converter.wrap_narrow_inst/w_payld_fifo/w_subst_mask_reg[3][0]                                                                  |                                                                                                                                                     |                3 |              9 |
|  fifo_design_i/processing_system7_0/inst/FCLK_CLK0 | fifo_design_i/smartconnect_0/inst/s00_entry_pipeline/s00_si_converter/inst/converter.wrap_narrow_inst/gen_thread_loop[0].r_payld_fifo/cmd_fifo/cmd_len_qq                                                  | fifo_design_i/smartconnect_0/inst/s00_entry_pipeline/s00_si_converter/inst/areset                                                                   |                2 |              9 |
|  fifo_design_i/processing_system7_0/inst/FCLK_CLK0 | fifo_design_i/smartconnect_0/inst/s00_entry_pipeline/s00_si_converter/inst/converter.wrap_narrow_inst/w_payld_fifo/cmd_fifo/cmd_len_qq                                                                     | fifo_design_i/smartconnect_0/inst/s00_entry_pipeline/s00_si_converter/inst/areset                                                                   |                2 |              9 |
|  fifo_design_i/processing_system7_0/inst/FCLK_CLK0 | fifo_design_i/smartconnect_0/inst/s00_entry_pipeline/s00_si_converter/inst/converter.wrap_narrow_inst/gen_thread_loop[0].r_payld_fifo/cmd_fifo/cmd_active_reg[0]                                           | fifo_design_i/smartconnect_0/inst/s00_entry_pipeline/s00_si_converter/inst/areset                                                                   |                5 |              9 |
|  fifo_design_i/processing_system7_0/inst/FCLK_CLK0 | fifo_design_i/smartconnect_0/inst/s00_entry_pipeline/s00_si_converter/inst/converter.wrap_narrow_inst/w_payld_fifo/cmd_fifo/cmd_active_reg[0]                                                              | fifo_design_i/smartconnect_0/inst/s00_entry_pipeline/s00_si_converter/inst/areset                                                                   |                3 |              9 |
|  fifo_design_i/processing_system7_0/inst/FCLK_CLK0 | fifo_design_i/smartconnect_0/inst/s00_entry_pipeline/s00_si_converter/inst/converter.wrap_narrow_inst/w_payld_fifo/s_ready_i_reg_1                                                                         | fifo_design_i/smartconnect_0/inst/s00_entry_pipeline/s00_si_converter/inst/converter.wrap_narrow_inst/w_payld_fifo/w_accum_continue_d_reg           |                2 |              9 |
|  fifo_design_i/processing_system7_0/inst/FCLK_CLK0 | fifo_design_i/smartconnect_0/inst/m00_exit_pipeline/m00_exit/inst/splitter_inst/gen_axi4lite.axilite_b2s/WR.aw_channel_0/null_beat_supress_0/b_push                                                        |                                                                                                                                                     |                2 |              9 |
|  fifo_design_i/processing_system7_0/inst/FCLK_CLK0 | fifo_design_i/smartconnect_0/inst/s00_entry_pipeline/s00_si_converter/inst/converter.wrap_narrow_inst/w_payld_fifo/w_subst_mask_reg[3][1]                                                                  |                                                                                                                                                     |                3 |              9 |
|  fifo_design_i/processing_system7_0/inst/FCLK_CLK0 | fifo_design_i/smartconnect_0/inst/s00_entry_pipeline/s00_si_converter/inst/converter.wrap_narrow_inst/w_payld_fifo/w_subst_mask_reg[3][2]                                                                  |                                                                                                                                                     |                3 |              9 |
|  fifo_design_i/processing_system7_0/inst/FCLK_CLK0 | fifo_design_i/smartconnect_0/inst/m00_exit_pipeline/m00_exit/inst/splitter_inst/gen_axi4lite.axilite_b2s/WR.aw_channel_0/aw_cmd_fsm_0/state_reg[0]_2[0]                                                    | fifo_design_i/smartconnect_0/inst/m00_exit_pipeline/m00_exit/inst/splitter_inst/gen_axi4lite.axilite_b2s/WR.aw_channel_0/aw_cmd_fsm_0/SR[0]         |                3 |              9 |
|  fifo_design_i/processing_system7_0/inst/FCLK_CLK0 | fifo_design_i/smartconnect_0/inst/m00_exit_pipeline/m00_exit/inst/splitter_inst/gen_axi4lite.axilite_b2s/WR.b_channel_0/mhandshake_r                                                                       | fifo_design_i/smartconnect_0/inst/m00_exit_pipeline/m00_exit/inst/splitter_inst/gen_axi4lite.axilite_b2s/WR.b_channel_0/gen_b_fifo.bid_fifo_0/SR[0] |                4 |              9 |
|  fifo_design_i/processing_system7_0/inst/FCLK_CLK0 |                                                                                                                                                                                                            | fifo_design_i/smartconnect_0/inst/m00_exit_pipeline/m00_exit/inst/splitter_inst/gen_axi4lite.axilite_b2s/areset_d1                                  |                5 |              9 |
|  fifo_design_i/processing_system7_0/inst/FCLK_CLK0 | fifo_design_i/smartconnect_0/inst/s00_entry_pipeline/s00_si_converter/inst/converter.wrap_narrow_inst/gen_thread_loop[0].r_payld_fifo/E[0]                                                                 | fifo_design_i/smartconnect_0/inst/s00_entry_pipeline/s00_si_converter/inst/areset                                                                   |                3 |             10 |
|  fifo_design_i/processing_system7_0/inst/FCLK_CLK0 | fifo_design_i/smartconnect_0/inst/s00_entry_pipeline/s00_si_converter/inst/converter.wrap_narrow_inst/w_cmd_fifo/gen_srls[15].srl_nx1/shift_qual                                                           |                                                                                                                                                     |                3 |             11 |
|  fifo_design_i/processing_system7_0/inst/FCLK_CLK0 | fifo_design_i/smartconnect_0/inst/s00_entry_pipeline/s00_si_converter/inst/converter.wrap_narrow_inst/w_cmd_fifo/gen_pipelined.mesg_reg                                                                    |                                                                                                                                                     |                5 |             11 |
|  fifo_design_i/processing_system7_0/inst/FCLK_CLK0 | fifo_design_i/smartconnect_0/inst/s00_nodes/s00_b_node/inst/inst_si_handler/inst_arb_stall_late/s_sc_valid                                                                                                 | fifo_design_i/smartconnect_0/inst/s00_nodes/s00_b_node/inst/inst_mi_handler/areset_r                                                                |                5 |             12 |
|  fifo_design_i/processing_system7_0/inst/FCLK_CLK0 | fifo_design_i/smartconnect_0/inst/s00_nodes/s00_aw_node/inst/inst_si_handler/inst_arb_stall_late/s_sc_valid                                                                                                | fifo_design_i/smartconnect_0/inst/s00_nodes/s00_aw_node/inst/inst_mi_handler/areset_r                                                               |                4 |             12 |
|  fifo_design_i/processing_system7_0/inst/FCLK_CLK0 | fifo_design_i/smartconnect_0/inst/s00_entry_pipeline/s00_transaction_regulator/inst/gen_endpoint.gen_r_singleorder.r_singleorder/gen_id_fifo.singleorder_fifo/gen_srls[11].srl_nx1/shift                   |                                                                                                                                                     |                3 |             12 |
|  fifo_design_i/processing_system7_0/inst/FCLK_CLK0 | fifo_design_i/smartconnect_0/inst/m00_exit_pipeline/m00_exit/inst/splitter_inst/gen_axi4lite.axilite_b2s/SI_REG/aw_pipe/m_payload_i[33]_i_1_n_0                                                            |                                                                                                                                                     |                3 |             12 |
|  fifo_design_i/processing_system7_0/inst/FCLK_CLK0 | fifo_design_i/smartconnect_0/inst/s00_nodes/s00_ar_node/inst/inst_si_handler/inst_arb_stall_late/s_sc_valid                                                                                                | fifo_design_i/smartconnect_0/inst/s00_nodes/s00_ar_node/inst/inst_mi_handler/areset_r                                                               |                6 |             12 |
|  fifo_design_i/processing_system7_0/inst/FCLK_CLK0 | fifo_design_i/smartconnect_0/inst/s00_entry_pipeline/s00_mmu/inst/b_sreg/skid_buffer[1035]_i_1__0_n_0                                                                                                      |                                                                                                                                                     |                3 |             12 |
|  fifo_design_i/processing_system7_0/inst/FCLK_CLK0 | fifo_design_i/smartconnect_0/inst/s00_entry_pipeline/s00_mmu/inst/gen_endpoint.decerr_slave_inst/gen_axi.gen_read.s_axi_rid_i                                                                              | fifo_design_i/smartconnect_0/inst/s00_entry_pipeline/s00_mmu/inst/areset                                                                            |                2 |             12 |
|  fifo_design_i/processing_system7_0/inst/FCLK_CLK0 | fifo_design_i/smartconnect_0/inst/s00_nodes/s00_r_node/inst/inst_si_handler/inst_arb_stall_late/s_sc_valid                                                                                                 | fifo_design_i/smartconnect_0/inst/s00_nodes/s00_r_node/inst/inst_mi_handler/areset_r                                                                |                6 |             12 |
|  fifo_design_i/processing_system7_0/inst/FCLK_CLK0 | fifo_design_i/smartconnect_0/inst/s00_entry_pipeline/s00_transaction_regulator/inst/gen_endpoint.gen_w_singleorder.w_singleorder/gen_id_fifo.singleorder_fifo/gen_srls[11].srl_nx1/shift                   |                                                                                                                                                     |                4 |             12 |
|  fifo_design_i/processing_system7_0/inst/FCLK_CLK0 | fifo_design_i/smartconnect_0/inst/s00_entry_pipeline/s00_mmu/inst/gen_endpoint.decerr_slave_inst/gen_axi.gen_write.s_axi_bid_i[11]_i_1_n_0                                                                 | fifo_design_i/smartconnect_0/inst/s00_entry_pipeline/s00_mmu/inst/areset                                                                            |                2 |             12 |
|  fifo_design_i/processing_system7_0/inst/FCLK_CLK0 | fifo_design_i/smartconnect_0/inst/s00_entry_pipeline/s00_transaction_regulator/inst/gen_endpoint.gen_r_singleorder.r_singleorder/gen_id_fifo.singleorder_fifo/gen_pipelined.mesg_reg[11]_i_1__0_n_0        |                                                                                                                                                     |                4 |             12 |
|  fifo_design_i/processing_system7_0/inst/FCLK_CLK0 | fifo_design_i/smartconnect_0/inst/s00_nodes/s00_w_node/inst/inst_si_handler/inst_arb_stall_late/s_sc_valid                                                                                                 | fifo_design_i/smartconnect_0/inst/s00_nodes/s00_w_node/inst/inst_mi_handler/areset_r                                                                |                5 |             12 |
|  fifo_design_i/processing_system7_0/inst/FCLK_CLK0 | fifo_design_i/smartconnect_0/inst/s00_entry_pipeline/s00_transaction_regulator/inst/gen_endpoint.gen_w_singleorder.w_singleorder/gen_id_fifo.singleorder_fifo/gen_pipelined.mesg_reg[11]_i_1_n_0           |                                                                                                                                                     |                4 |             12 |
|  fifo_design_i/processing_system7_0/inst/FCLK_CLK0 | fifo_design_i/smartconnect_0/inst/s00_entry_pipeline/s00_si_converter/inst/converter.wrap_narrow_inst/gen_thread_loop[0].r_cmd_fifo/gen_pipelined.mesg_reg                                                 |                                                                                                                                                     |                5 |             13 |
|  fifo_design_i/processing_system7_0/inst/FCLK_CLK0 | fifo_design_i/smartconnect_0/inst/s00_entry_pipeline/s00_si_converter/inst/converter.wrap_narrow_inst/gen_thread_loop[0].r_cmd_fifo/gen_srls[20].srl_nx1/shift_qual                                        |                                                                                                                                                     |                4 |             13 |
|  fifo_design_i/processing_system7_0/inst/FCLK_CLK0 | fifo_design_i/smartconnect_0/inst/s00_entry_pipeline/s00_mmu/inst/r_sreg/skid_buffer[1058]_i_1_n_0                                                                                                         |                                                                                                                                                     |                4 |             13 |
|  fifo_design_i/processing_system7_0/inst/FCLK_CLK0 | fifo_design_i/smartconnect_0/inst/s00_entry_pipeline/s00_mmu/inst/b_sreg/m_vector_i                                                                                                                        |                                                                                                                                                     |                4 |             14 |
|  fifo_design_i/processing_system7_0/inst/FCLK_CLK0 | fifo_design_i/smartconnect_0/inst/m00_exit_pipeline/m00_exit/inst/splitter_inst/gen_axi4lite.axilite_b2s/SI_REG/ar_pipe/m_payload_i[227]_i_1_n_0                                                           |                                                                                                                                                     |                4 |             15 |
|  fifo_design_i/processing_system7_0/inst/FCLK_CLK0 | fifo_design_i/smartconnect_0/inst/s00_entry_pipeline/s00_si_converter/inst/converter.wrap_narrow_inst/aw_reg_slice/skid_buffer[1144]_i_1_n_0                                                               |                                                                                                                                                     |               10 |             15 |
|  fifo_design_i/processing_system7_0/inst/FCLK_CLK0 | fifo_design_i/smartconnect_0/inst/s00_entry_pipeline/s00_si_converter/inst/converter.wrap_narrow_inst/aw_reg_slice/m_vector_i                                                                              |                                                                                                                                                     |                7 |             15 |
|  fifo_design_i/processing_system7_0/inst/FCLK_CLK0 | fifo_design_i/smartconnect_0/inst/s00_nodes/s00_aw_node/inst/inst_mi_handler/gen_normal_area.inst_fifo_node_payld/gen_xpm_memory_fifo.inst_fifo/gen_mem_rep[0].inst_rd_addrb/rd_addrb_incr                 | fifo_design_i/smartconnect_0/inst/s00_nodes/s00_aw_node/inst/inst_mi_handler/m_sc_areset_r                                                          |                5 |             18 |
|  fifo_design_i/processing_system7_0/inst/FCLK_CLK0 | fifo_design_i/smartconnect_0/inst/s00_entry_pipeline/s00_si_converter/inst/converter.wrap_narrow_inst/ar_reg_slice/m_vector_i                                                                              |                                                                                                                                                     |                6 |             20 |
|  fifo_design_i/processing_system7_0/inst/FCLK_CLK0 | fifo_design_i/smartconnect_0/inst/s00_entry_pipeline/s00_si_converter/inst/converter.wrap_narrow_inst/ar_reg_slice/skid_buffer[1144]_i_1__0_n_0                                                            |                                                                                                                                                     |                8 |             20 |
|  fifo_design_i/processing_system7_0/inst/FCLK_CLK0 | fifo_design_i/smartconnect_0/inst/s00_nodes/s00_ar_node/inst/inst_mi_handler/gen_normal_area.inst_fifo_node_payld/gen_xpm_memory_fifo.inst_fifo/gen_mem_rep[0].inst_rd_addrb/rd_addrb_incr                 | fifo_design_i/smartconnect_0/inst/s00_nodes/s00_ar_node/inst/inst_mi_handler/m_sc_areset_r                                                          |                8 |             21 |
|  fifo_design_i/processing_system7_0/inst/FCLK_CLK0 | fifo_design_i/smartconnect_0/inst/s00_entry_pipeline/s00_si_converter/inst/converter.wrap_narrow_inst/w_shelve_d                                                                                           |                                                                                                                                                     |                5 |             27 |
|  fifo_design_i/processing_system7_0/inst/FCLK_CLK0 | fifo_design_i/smartconnect_0/inst/s00_entry_pipeline/s00_mmu/inst/ar_reg_stall/m_vector_i                                                                                                                  |                                                                                                                                                     |                6 |             28 |
|  fifo_design_i/processing_system7_0/inst/FCLK_CLK0 | fifo_design_i/smartconnect_0/inst/s00_entry_pipeline/s00_mmu/inst/ar_reg_stall/skid_buffer[1144]_i_1_n_0                                                                                                   |                                                                                                                                                     |                4 |             28 |
|  fifo_design_i/processing_system7_0/inst/FCLK_CLK0 | fifo_design_i/smartconnect_0/inst/s00_entry_pipeline/s00_mmu/inst/aw_reg_stall/m_vector_i                                                                                                                  |                                                                                                                                                     |                5 |             28 |
|  fifo_design_i/processing_system7_0/inst/FCLK_CLK0 | fifo_design_i/smartconnect_0/inst/s00_entry_pipeline/s00_mmu/inst/aw_reg_stall/skid_buffer[1144]_i_1__0_n_0                                                                                                |                                                                                                                                                     |                4 |             28 |
|  fifo_design_i/processing_system7_0/inst/FCLK_CLK0 |                                                                                                                                                                                                            | fifo_design_i/fifo_axi_0/inst/fifo_axi_v1_0_S00_AXI_inst/out_fifo/unhardened.un.fifo/ft/wptr/SR[0]                                                  |               10 |             31 |
|  fifo_design_i/processing_system7_0/inst/FCLK_CLK0 |                                                                                                                                                                                                            | fifo_design_i/smartconnect_0/inst/m00_exit_pipeline/m00_exit/inst/areset                                                                            |               12 |             31 |
|  fifo_design_i/processing_system7_0/inst/FCLK_CLK0 | fifo_design_i/fifo_axi_0/inst/fifo_axi_v1_0_S00_AXI_inst/in_fifo/unhardened.un.fifo/ft/rptr/s00_axi_awaddr[2][0]                                                                                           | fifo_design_i/fifo_axi_0/inst/fifo_axi_v1_0_S00_AXI_inst/out_fifo/unhardened.un.fifo/ft/wptr/SR[0]                                                  |                8 |             32 |
|  fifo_design_i/processing_system7_0/inst/FCLK_CLK0 | fifo_design_i/smartconnect_0/inst/s00_nodes/s00_aw_node/inst/inst_mi_handler/gen_normal_area.inst_fifo_node_payld/gen_xpm_memory_fifo.inst_fifo/wr_wea                                                     |                                                                                                                                                     |                4 |             32 |
|  fifo_design_i/processing_system7_0/inst/FCLK_CLK0 | fifo_design_i/smartconnect_0/inst/m00_exit_pipeline/m00_exit/inst/r_reg/skid_buffer[1090]_i_1_n_0                                                                                                          |                                                                                                                                                     |                8 |             32 |
|  fifo_design_i/processing_system7_0/inst/FCLK_CLK0 | fifo_design_i/smartconnect_0/inst/m00_exit_pipeline/m00_exit/inst/r_reg/m_vector_i                                                                                                                         |                                                                                                                                                     |                6 |             32 |
|  fifo_design_i/processing_system7_0/inst/FCLK_CLK0 | fifo_design_i/fifo_axi_0/inst/fifo_axi_v1_0_S00_AXI_inst/pl_to_ps_counter/gen_blk_0.counter/E[0]                                                                                                           |                                                                                                                                                     |               10 |             32 |
|  fifo_design_i/processing_system7_0/inst/FCLK_CLK0 | fifo_design_i/smartconnect_0/inst/s00_entry_pipeline/s00_si_converter/inst/converter.wrap_narrow_inst/gen_thread_loop[0].r_payld_fifo/cmd_fifo/gen_thread_loop[0].r_cmd_active_reg[0][0]                   |                                                                                                                                                     |                9 |             34 |
|  fifo_design_i/processing_system7_0/inst/FCLK_CLK0 | fifo_design_i/smartconnect_0/inst/s00_entry_pipeline/s00_si_converter/inst/converter.wrap_narrow_inst/r_shelf                                                                                              |                                                                                                                                                     |                8 |             34 |
|  fifo_design_i/processing_system7_0/inst/FCLK_CLK0 | fifo_design_i/smartconnect_0/inst/s00_entry_pipeline/s00_mmu/inst/r_sreg/skid_buffer[1058]_i_1_n_0                                                                                                         | fifo_design_i/smartconnect_0/inst/s00_entry_pipeline/s00_mmu/inst/r_sreg/skid_buffer[1088]_i_1_n_0                                                  |                6 |             34 |
|  fifo_design_i/processing_system7_0/inst/FCLK_CLK0 | fifo_design_i/smartconnect_0/inst/s00_entry_pipeline/s00_si_converter/inst/converter.wrap_narrow_inst/gen_thread_loop[0].r_payld_fifo/gen_srls[38].srl_nx1/push                                            |                                                                                                                                                     |                9 |             34 |
|  fifo_design_i/processing_system7_0/inst/FCLK_CLK0 | fifo_design_i/smartconnect_0/inst/m00_exit_pipeline/m00_exit/inst/splitter_inst/gen_axi4lite.axilite_b2s/RD.r_channel_0/rd_data_fifo_0/sel                                                                 |                                                                                                                                                     |                5 |             35 |
|  fifo_design_i/processing_system7_0/inst/FCLK_CLK0 | fifo_design_i/smartconnect_0/inst/s00_entry_pipeline/s00_si_converter/inst/converter.wrap_narrow_inst/w_payld_fifo/gen_srls[103].srl_nx1/push                                                              |                                                                                                                                                     |               10 |             36 |
|  fifo_design_i/processing_system7_0/inst/FCLK_CLK0 | fifo_design_i/smartconnect_0/inst/m00_exit_pipeline/m00_exit/inst/w_reg/skid_buffer[2052]_i_2_n_0                                                                                                          | fifo_design_i/smartconnect_0/inst/m00_exit_pipeline/m00_exit/inst/w_reg/skid_buffer[2052]_i_1_n_0                                                   |                5 |             36 |
|  fifo_design_i/processing_system7_0/inst/FCLK_CLK0 | fifo_design_i/smartconnect_0/inst/m00_exit_pipeline/m00_exit/inst/w_reg/m_vector_i                                                                                                                         |                                                                                                                                                     |               11 |             36 |
|  fifo_design_i/processing_system7_0/inst/FCLK_CLK0 | fifo_design_i/smartconnect_0/inst/s00_entry_pipeline/s00_mmu/inst/w_sreg/skid_buffer[2052]_i_1_n_0                                                                                                         |                                                                                                                                                     |                5 |             37 |
|  fifo_design_i/processing_system7_0/inst/FCLK_CLK0 | fifo_design_i/smartconnect_0/inst/m00_exit_pipeline/m00_exit/inst/splitter_inst/gen_axi4lite.axilite_b2s/SI_REG/r_pipe/m_payload_i[35]_i_1_n_0                                                             |                                                                                                                                                     |                6 |             37 |
|  fifo_design_i/processing_system7_0/inst/FCLK_CLK0 | fifo_design_i/smartconnect_0/inst/s00_entry_pipeline/s00_si_converter/inst/splitter_inst/gen_no_wsplitter.gen_endpoint_woffset.gen_wbypass_offset_fifo.wbypass_offset_fifo/E[0]                            |                                                                                                                                                     |               11 |             37 |
|  fifo_design_i/processing_system7_0/inst/FCLK_CLK0 | fifo_design_i/smartconnect_0/inst/s00_entry_pipeline/s00_mmu/inst/w_sreg/m_vector_i                                                                                                                        |                                                                                                                                                     |                5 |             37 |
|  fifo_design_i/processing_system7_0/inst/FCLK_CLK0 | fifo_design_i/smartconnect_0/inst/s00_nodes/s00_ar_node/inst/inst_mi_handler/gen_normal_area.inst_fifo_node_payld/gen_xpm_memory_fifo.inst_fifo/wr_wea                                                     |                                                                                                                                                     |                5 |             40 |
|  fifo_design_i/processing_system7_0/inst/FCLK_CLK0 | fifo_design_i/smartconnect_0/inst/s00_nodes/s00_r_node/inst/inst_mi_handler/gen_normal_area.inst_fifo_node_payld/gen_xpm_memory_fifo.inst_fifo/gen_mem_rep[0].inst_rd_addrb/rd_addrb_incr                  | fifo_design_i/smartconnect_0/inst/s00_nodes/s00_r_node/inst/inst_mi_handler/m_sc_areset_r                                                           |                9 |             40 |
|  fifo_design_i/processing_system7_0/inst/FCLK_CLK0 |                                                                                                                                                                                                            | fifo_design_i/smartconnect_0/inst/s00_entry_pipeline/s00_si_converter/inst/areset                                                                   |               24 |             42 |
|  fifo_design_i/processing_system7_0/inst/FCLK_CLK0 |                                                                                                                                                                                                            | fifo_design_i/smartconnect_0/inst/s00_entry_pipeline/s00_mmu/inst/areset                                                                            |               19 |             43 |
|  fifo_design_i/processing_system7_0/inst/FCLK_CLK0 | fifo_design_i/smartconnect_0/inst/s00_nodes/s00_w_node/inst/inst_mi_handler/gen_normal_area.inst_fifo_node_payld/gen_xpm_memory_fifo.inst_fifo/gen_mem_rep[0].inst_rd_addrb/rd_addrb_incr                  | fifo_design_i/smartconnect_0/inst/s00_nodes/s00_w_node/inst/inst_mi_handler/m_sc_areset_r                                                           |               11 |             43 |
|  fifo_design_i/processing_system7_0/inst/FCLK_CLK0 | fifo_design_i/smartconnect_0/inst/s00_entry_pipeline/s00_mmu/inst/aw_sreg/skid_buffer[1144]_i_1__2_n_0                                                                                                     |                                                                                                                                                     |                6 |             44 |
|  fifo_design_i/processing_system7_0/inst/FCLK_CLK0 | fifo_design_i/smartconnect_0/inst/s00_entry_pipeline/s00_mmu/inst/ar_sreg/skid_buffer[1144]_i_1__1_n_0                                                                                                     |                                                                                                                                                     |                8 |             44 |
|  fifo_design_i/processing_system7_0/inst/FCLK_CLK0 | fifo_design_i/smartconnect_0/inst/s00_entry_pipeline/s00_mmu/inst/ar_sreg/m_vector_i                                                                                                                       |                                                                                                                                                     |                8 |             44 |
|  fifo_design_i/processing_system7_0/inst/FCLK_CLK0 | fifo_design_i/smartconnect_0/inst/s00_entry_pipeline/s00_mmu/inst/aw_sreg/m_vector_i                                                                                                                       |                                                                                                                                                     |                8 |             44 |
|  fifo_design_i/processing_system7_0/inst/FCLK_CLK0 | fifo_design_i/smartconnect_0/inst/s00_entry_pipeline/s00_mmu/inst/r_sreg/m_vector_i                                                                                                                        |                                                                                                                                                     |               14 |             47 |
|  fifo_design_i/processing_system7_0/inst/FCLK_CLK0 | fifo_design_i/fifo_axi_0/inst/fifo_axi_v1_0_S00_AXI_inst/in_fifo/unhardened.un.fifo/ft/rptr/in_fifo_v_i_reg                                                                                                |                                                                                                                                                     |                6 |             48 |
|  fifo_design_i/processing_system7_0/inst/FCLK_CLK0 | fifo_design_i/fifo_axi_0/inst/fifo_axi_v1_0_S00_AXI_inst/out_fifo/unhardened.un.fifo/ft/rptr/out_fifo_v_i_reg                                                                                              |                                                                                                                                                     |                6 |             48 |
|  fifo_design_i/processing_system7_0/inst/FCLK_CLK0 | fifo_design_i/smartconnect_0/inst/s00_nodes/s00_w_node/inst/inst_mi_handler/gen_normal_area.inst_fifo_node_payld/gen_xpm_memory_fifo.inst_fifo/wr_wea                                                      |                                                                                                                                                     |                7 |             56 |
|  fifo_design_i/processing_system7_0/inst/FCLK_CLK0 | fifo_design_i/smartconnect_0/inst/s00_nodes/s00_r_node/inst/inst_mi_handler/gen_normal_area.inst_fifo_node_payld/gen_xpm_memory_fifo.inst_fifo/wr_wea                                                      |                                                                                                                                                     |                7 |             56 |
|  fifo_design_i/processing_system7_0/inst/FCLK_CLK0 |                                                                                                                                                                                                            |                                                                                                                                                     |               53 |            122 |
+----------------------------------------------------+------------------------------------------------------------------------------------------------------------------------------------------------------------------------------------------------------------+-----------------------------------------------------------------------------------------------------------------------------------------------------+------------------+----------------+


