Copyright 1986-2019 Xilinx, Inc. All Rights Reserved.
------------------------------------------------------------------------------------
| Tool Version : Vivado v.2019.1 (lin64) Build 2552052 Fri May 24 14:47:09 MDT 2019
| Date         : Wed May 19 03:34:32 2021
| Host         : pdb running 64-bit Ubuntu 18.04.5 LTS
| Command      : upgrade_ip
| Device       : xc7z020clg400-1
------------------------------------------------------------------------------------

Upgrade Log for IP 'fifo_design_fifo_axi_0_0'

1. Summary
----------

SUCCESS in the conversion of fifo_design_fifo_axi_0_0 (user.org:user:fifo_axi:1.0 (Rev. 6)) to Vivado generation flows.






Copyright 1986-2019 Xilinx, Inc. All Rights Reserved.
------------------------------------------------------------------------------------
| Tool Version : Vivado v.2019.1 (lin64) Build 2552052 Fri May 24 14:47:09 MDT 2019
| Date         : Wed May 19 02:04:49 2021
| Host         : pdb running 64-bit Ubuntu 18.04.5 LTS
| Command      : upgrade_ip
| Device       : xc7z020clg400-1
------------------------------------------------------------------------------------

Upgrade Log for IP 'fifo_design_fifo_axi_0_0'

1. Summary
----------

SUCCESS in the conversion of fifo_design_fifo_axi_0_0 (user.org:user:fifo_axi:1.0 (Rev. 6)) to Vivado generation flows.






Copyright 1986-2019 Xilinx, Inc. All Rights Reserved.
------------------------------------------------------------------------------------
| Tool Version : Vivado v.2019.1 (lin64) Build 2552052 Fri May 24 14:47:09 MDT 2019
| Date         : Wed May 19 00:59:53 2021
| Host         : pdb running 64-bit Ubuntu 18.04.5 LTS
| Command      : upgrade_ip
| Device       : xc7z020clg400-1
------------------------------------------------------------------------------------

Upgrade Log for IP 'fifo_design_fifo_axi_0_0'

1. Summary
----------

SUCCESS in the conversion of fifo_design_fifo_axi_0_0 (user.org:user:fifo_axi:1.0 (Rev. 6)) to Vivado generation flows.






Copyright 1986-2019 Xilinx, Inc. All Rights Reserved.
------------------------------------------------------------------------------------
| Tool Version : Vivado v.2019.1 (lin64) Build 2552052 Fri May 24 14:47:09 MDT 2019
| Date         : Wed May 12 19:27:18 2021
| Host         : pdb running 64-bit Ubuntu 18.04.5 LTS
| Command      : upgrade_ip
| Device       : xc7z020clg400-1
------------------------------------------------------------------------------------

Upgrade Log for IP 'fifo_design_fifo_axi_0_0'

1. Summary
----------

SUCCESS in the conversion of fifo_design_fifo_axi_0_0 (user.org:user:fifo_axi:1.0 (Rev. 6)) to Vivado generation flows.






Copyright 1986-2019 Xilinx, Inc. All Rights Reserved.
------------------------------------------------------------------------------------
| Tool Version : Vivado v.2019.1 (lin64) Build 2552052 Fri May 24 14:47:09 MDT 2019
| Date         : Wed May 12 19:22:58 2021
| Host         : pdb running 64-bit Ubuntu 18.04.5 LTS
| Command      : upgrade_ip
| Device       : xc7z020clg400-1
------------------------------------------------------------------------------------

Upgrade Log for IP 'fifo_design_fifo_axi_0_0'

1. Summary
----------

SUCCESS in the conversion of fifo_design_fifo_axi_0_0 (user.org:user:fifo_axi:1.0 (Rev. 6)) to Vivado generation flows.






Copyright 1986-2019 Xilinx, Inc. All Rights Reserved.
------------------------------------------------------------------------------------
| Tool Version : Vivado v.2019.1 (lin64) Build 2552052 Fri May 24 14:47:09 MDT 2019
| Date         : Wed May 12 19:02:26 2021
| Host         : pdb running 64-bit Ubuntu 18.04.5 LTS
| Command      : upgrade_ip
| Device       : xc7z020clg400-1
------------------------------------------------------------------------------------

Upgrade Log for IP 'fifo_design_fifo_axi_0_0'

1. Summary
----------

SUCCESS in the conversion of fifo_design_fifo_axi_0_0 (user.org:user:fifo_axi:1.0 (Rev. 6)) to Vivado generation flows.






Copyright 1986-2019 Xilinx, Inc. All Rights Reserved.
------------------------------------------------------------------------------------
| Tool Version : Vivado v.2019.1 (lin64) Build 2552052 Fri May 24 14:47:09 MDT 2019
| Date         : Wed May 12 18:59:40 2021
| Host         : pdb running 64-bit Ubuntu 18.04.5 LTS
| Command      : upgrade_ip
| Device       : xc7z020clg400-1
------------------------------------------------------------------------------------

Upgrade Log for IP 'fifo_design_fifo_axi_0_0'

1. Summary
----------

SUCCESS in the conversion of fifo_design_fifo_axi_0_0 (user.org:user:fifo_axi:1.0 (Rev. 6)) to Vivado generation flows.






Copyright 1986-2019 Xilinx, Inc. All Rights Reserved.
------------------------------------------------------------------------------------
| Tool Version : Vivado v.2019.1 (lin64) Build 2552052 Fri May 24 14:47:09 MDT 2019
| Date         : Wed May 12 18:42:27 2021
| Host         : pdb running 64-bit Ubuntu 18.04.5 LTS
| Command      : upgrade_ip
| Device       : xc7z020clg400-1
------------------------------------------------------------------------------------

Upgrade Log for IP 'fifo_design_fifo_axi_0_0'

1. Summary
----------

SUCCESS in the conversion of fifo_design_fifo_axi_0_0 (user.org:user:fifo_axi:1.0 (Rev. 6)) to Vivado generation flows.






Copyright 1986-2019 Xilinx, Inc. All Rights Reserved.
------------------------------------------------------------------------------------
| Tool Version : Vivado v.2019.1 (lin64) Build 2552052 Fri May 24 14:47:09 MDT 2019
| Date         : Wed May 12 18:41:37 2021
| Host         : pdb running 64-bit Ubuntu 18.04.5 LTS
| Command      : upgrade_ip
| Device       : xc7z020clg400-1
------------------------------------------------------------------------------------

Upgrade Log for IP 'fifo_design_fifo_axi_0_0'

1. Summary
----------

SUCCESS in the conversion of fifo_design_fifo_axi_0_0 (user.org:user:fifo_axi:1.0 (Rev. 6)) to Vivado generation flows.

